0 info it worked if it ends with ok
1 verbose cli [ 'C:\\Program Files\\nodejs\\node.exe',
1 verbose cli   'C:\\Program Files\\nodejs\\node_modules\\npm\\bin\\npm-cli.js',
1 verbose cli   'pack',
1 verbose cli   '.\\src\\' ]
2 info using npm@3.10.10
3 info using node@v6.9.5
4 silly cache add args [ '.\\src\\', null ]
5 verbose cache add spec .\src\
6 silly cache add parsed spec Result {
6 silly cache add   raw: '.\\src\\',
6 silly cache add   scope: null,
6 silly cache add   escapedName: null,
6 silly cache add   name: null,
6 silly cache add   rawSpec: '.\\src\\',
6 silly cache add   spec: 'F:\\artemp\\rcm\\temp\\azure-open-api-validator\\src',
6 silly cache add   type: 'local' }
7 error addLocal Could not install F:\artemp\rcm\temp\azure-open-api-validator\src
8 verbose stack Error: EISDIR: illegal operation on a directory, read
8 verbose stack     at Error (native)
9 verbose cwd F:\artemp\rcm\temp\azure-open-api-validator
10 error Windows_NT 10.0.14393
11 error argv "C:\\Program Files\\nodejs\\node.exe" "C:\\Program Files\\nodejs\\node_modules\\npm\\bin\\npm-cli.js" "pack" ".\\src\\"
12 error node v6.9.5
13 error npm  v3.10.10
14 error code EISDIR
15 error errno -4068
16 error syscall read
17 error eisdir EISDIR: illegal operation on a directory, read
18 error eisdir This is most likely not a problem with npm itself
18 error eisdir and is related to npm not being able to find a package.json in
18 error eisdir a package you are trying to install.
19 verbose exit [ -4068, true ]
